[PREINITIALIZATION][CLIENT][INFO] Current loaders after merging: [[preinit]]
[PREINITIALIZATION][CLIENT][INFO] Loading scripts for loader with names [preinit]
[PREINITIALIZATION][CLIENT][INFO] [preinit | SIDE_CLIENT]: Skipping file {[0:contenttweaker]: contentmaterials.zs} as we are currently loading with a different loader
[PREINITIALIZATION][CLIENT][INFO] [preinit | SIDE_CLIENT]: Skipping file {[0:contenttweaker]: contenttweaker.zs} as we are currently loading with a different loader
[PREINITIALIZATION][CLIENT][INFO] [preinit | SIDE_CLIENT]: Skipping file {[0:crafttweaker]: dirtsifter.zs} as we are currently loading with a different loader
[PREINITIALIZATION][CLIENT][INFO] [preinit | SIDE_CLIENT]: Skipping file {[0:crafttweaker]: recipes.zs} as we are currently loading with a different loader
[PREINITIALIZATION][CLIENT][INFO] Completed script loading in: 6ms
[PREINITIALIZATION][CLIENT][INFO] Current loaders after merging: [[preinit], [contenttweaker]]
[PREINITIALIZATION][CLIENT][INFO] Loading scripts for loader with names [contenttweaker]
[PREINITIALIZATION][CLIENT][INFO] [contenttweaker | SIDE_CLIENT]: Loading Script: {[0:contenttweaker]: contentmaterials.zs}
[PREINITIALIZATION][CLIENT][INFO] [contenttweaker | SIDE_CLIENT]: Loading Script: {[0:contenttweaker]: contenttweaker.zs}
[PREINITIALIZATION][CLIENT][INFO] [contenttweaker | SIDE_CLIENT]: Skipping file {[0:crafttweaker]: dirtsifter.zs} as we are currently loading with a different loader
[PREINITIALIZATION][CLIENT][INFO] [contenttweaker | SIDE_CLIENT]: Skipping file {[0:crafttweaker]: recipes.zs} as we are currently loading with a different loader
[PREINITIALIZATION][CLIENT][INFO] Completed script loading in: 719ms
[PREINITIALIZATION][CLIENT][INFO] Current loaders after merging: [[preinit], [contenttweaker], [mekatweaker]]
[PREINITIALIZATION][CLIENT][INFO] Loading scripts for loader with names [mekatweaker]
[PREINITIALIZATION][CLIENT][INFO] [mekatweaker | SIDE_CLIENT]: Skipping file {[0:contenttweaker]: contentmaterials.zs} as we are currently loading with a different loader
[PREINITIALIZATION][CLIENT][INFO] [mekatweaker | SIDE_CLIENT]: Skipping file {[0:contenttweaker]: contenttweaker.zs} as we are currently loading with a different loader
[PREINITIALIZATION][CLIENT][INFO] [mekatweaker | SIDE_CLIENT]: Skipping file {[0:crafttweaker]: dirtsifter.zs} as we are currently loading with a different loader
[PREINITIALIZATION][CLIENT][INFO] [mekatweaker | SIDE_CLIENT]: Skipping file {[0:crafttweaker]: recipes.zs} as we are currently loading with a different loader
[PREINITIALIZATION][CLIENT][INFO] Completed script loading in: 0ms
[INITIALIZATION][CLIENT][INFO] CraftTweaker: Building registry
[INITIALIZATION][CLIENT][INFO] CraftTweaker: Successfully built item registry
[INITIALIZATION][CLIENT][INFO] Current loaders after merging: [[preinit], [contenttweaker], [mekatweaker], [recipeevent | crafttweaker]]
[INITIALIZATION][CLIENT][INFO] Loading scripts for loader with names [crafttweaker | recipeevent]
[INITIALIZATION][CLIENT][INFO] [crafttweaker | SIDE_CLIENT]: Skipping file {[0:contenttweaker]: contentmaterials.zs} as we are currently loading with a different loader
[INITIALIZATION][CLIENT][INFO] [crafttweaker | SIDE_CLIENT]: Skipping file {[0:contenttweaker]: contenttweaker.zs} as we are currently loading with a different loader
[INITIALIZATION][CLIENT][INFO] [crafttweaker | SIDE_CLIENT]: Loading Script: {[0:crafttweaker]: dirtsifter.zs}
[INITIALIZATION][CLIENT][ERROR] dirtsifter.zs:26: Could not resolve <minecraft : lapis_lazuli>
[INITIALIZATION][CLIENT][ERROR] dirtsifter.zs:26 > 3 methods available but none matches the parameters (any)
This is usually an error in your script, not in the mod
addItemOutput(ZenTypeNative: crafttweaker.oredict.IOreDictEntry, int)
addItemOutput(ZenTypeNative: crafttweaker.oredict.IOreDictEntry)
addItemOutput(ZenTypeNative: crafttweaker.item.IItemStack)
[INITIALIZATION][CLIENT][INFO] [crafttweaker | SIDE_CLIENT]: Loading Script: {[0:crafttweaker]: recipes.zs}
[INITIALIZATION][CLIENT][INFO] Completed script loading in: 492ms
[POSTINITIALIZATION][CLIENT][INFO] Adding shaped recipe for Slimeball with name ct_shaped-730265337
[POSTINITIALIZATION][CLIENT][INFO] Adding shaped recipe for Modularium with name ct_shaped288052061
[POSTINITIALIZATION][CLIENT][INFO] Adding shaped recipe for Crusher with name ct_shaped1845630424
[POSTINITIALIZATION][CLIENT][INFO] Adding shaped recipe for Signalum Ingot with name ct_shaped-2137479245
[POSTINITIALIZATION][CLIENT][INFO] Adding shaped recipe for Block of Signalum with name ct_shaped443313804
[POSTINITIALIZATION][CLIENT][INFO] Adding shapeless recipe for Signalum Ingot with name ct_shapeless-1452581018
[POSTINITIALIZATION][CLIENT][INFO] Adding shapeless recipe for Signalum Nugget with name ct_shapeless-29470098
[POSTINITIALIZATION][CLIENT][INFO] Adding shapeless recipe for Irradium Nugget with name ct_shapeless956713084
[POSTINITIALIZATION][CLIENT][INFO] Adding shapeless recipe for Irradium Ingot with name ct_shapeless-1507820052
[POSTINITIALIZATION][CLIENT][INFO] Adding shaped recipe for Block of Irradium with name ct_shaped87617508
[POSTINITIALIZATION][CLIENT][INFO] Adding shaped recipe for Irradium Ingot with name ct_shaped-449671722
[POSTINITIALIZATION][CLIENT][INFO] Adding shapeless recipe for Enderium Nugget with name ct_shapeless294390730
[POSTINITIALIZATION][CLIENT][INFO] Adding shapeless recipe for Enderium Ingot with name ct_shapeless-669126324
[POSTINITIALIZATION][CLIENT][INFO] Adding shaped recipe for Block of Enderium with name ct_shaped-1236188356
[POSTINITIALIZATION][CLIENT][INFO] Adding shaped recipe for Enderium Ingot with name ct_shaped1258080760
[POSTINITIALIZATION][CLIENT][INFO] Adding shaped recipe for Birch Sapling with name ct_shaped1773481911
[POSTINITIALIZATION][CLIENT][INFO] Adding shaped recipe for Oak Sapling with name ct_shaped365736089
[POSTINITIALIZATION][CLIENT][INFO] Adding shaped recipe for Jungle Sapling with name ct_shaped-1355508324
[POSTINITIALIZATION][CLIENT][INFO] Adding shaped recipe for Spruce Sapling with name ct_shaped-245368804
[POSTINITIALIZATION][CLIENT][INFO] Removing furnace recipes for: <basemetals:redstone_ingot>
[POSTINITIALIZATION][CLIENT][INFO] 1 recipes removed for: <basemetals:redstone_ingot>
[SERVER_STARTED][CLIENT][INFO] Fixed the RecipeBook
